Arguments: 
  /usr/local/bin/node /usr/local/bin/yarn add vue-loader vue-template-compilervant --dev

PATH: 
  /Users/bucai/flutter/flutter/bin:/Library/Java/JavaVirtualMachines/jdk1.8.0_221.jdk/Contents/Home/bin:/usr/local/Cellar/dart/2.4.1/bin:/usr/local/bin:/usr/bin:/bin:/usr/sbin:/sbin:/Library/Apple/usr/bin:/Library/Apple/bin:/Applications/VMware Fusion.app/Contents/Public:/usr/local/share/dotnet:~/.dotnet/tools:/Library/Frameworks/Mono.framework/Versions/Current/Commands:/Applications/Xamarin Workbooks.app/Contents/SharedSupport/path-bin:/Users/bucai/flutter/flutter/bin:/Library/Java/JavaVirtualMachines/jdk1.8.0_221.jdk/Contents/Home/bin:/usr/local/Cellar/dart/2.4.1/bin:/Users/bucai/Library/Android/sdk/tools:/Users/bucai/Library/Android/sdk/tools/bin:/Users/bucai/Library/Android/sdk/platform-tools:/Users/bucai/Library/Android/sdk/emulator:/Users/bucai/.gradle/wrapper/dists/gradle-4.6-all/bcst21l2brirad8k2ben1letg/gradle-4.6/bin:.:/Users/bucai/Library/Android/sdk/tools:/Users/bucai/Library/Android/sdk/tools/bin:/Users/bucai/Library/Android/sdk/platform-tools:/Users/bucai/Library/Android/sdk/emulator:/Users/bucai/.gradle/wrapper/dists/gradle-4.6-all/bcst21l2brirad8k2ben1letg/gradle-4.6/bin:.

Yarn version: 
  1.16.0

Node version: 
  10.15.0

Platform: 
  darwin x64

Trace: 
  Error: https://registry.yarnpkg.com/vue-template-compilervant: Not found
      at Request.params.callback [as _callback] (/usr/local/lib/node_modules/yarn/lib/cli.js:66091:18)
      at Request.self.callback (/usr/local/lib/node_modules/yarn/lib/cli.js:129590:22)
      at Request.emit (events.js:182:13)
      at Request.<anonymous> (/usr/local/lib/node_modules/yarn/lib/cli.js:130562:10)
      at Request.emit (events.js:182:13)
      at IncomingMessage.<anonymous> (/usr/local/lib/node_modules/yarn/lib/cli.js:130484:12)
      at Object.onceWrapper (events.js:273:13)
      at IncomingMessage.emit (events.js:187:15)
      at endReadableNT (_stream_readable.js:1094:12)
      at process._tickCallback (internal/process/next_tick.js:63:19)

npm manifest: 
  {
    "name": "vue-ssr-webpack",
    "version": "1.0.0",
    "description": "",
    "main": "index.js",
    "scripts": {
      "test": "echo \"Error: no test specified\" && exit 1"
    },
    "keywords": [],
    "author": "",
    "license": "ISC",
    "devDependencies": {
      "cz-conventional-changelog": "^3.0.2"
    },
    "config": {
      "commitizen": {
        "path": "./node_modules/cz-conventional-changelog"
      }
    }
  }

yarn manifest: 
  No manifest

Lockfile: 
  No lockfile
